c:\users\メインユーザー\documents\dicebuttle\27gp3skelton\debug\vc120.pdb
c:\users\メインユーザー\documents\dicebuttle\27gp3skelton\debug\vc120.idb
c:\users\メインユーザー\documents\dicebuttle\27gp3skelton\debug\dx_anime_mesh.obj
c:\users\メインユーザー\documents\dicebuttle\27gp3skelton\debug\dx_base_mesh.obj
c:\users\メインユーザー\documents\dicebuttle\27gp3skelton\debug\dx_camera.obj
c:\users\メインユーザー\documents\dicebuttle\27gp3skelton\debug\dx_font.obj
c:\users\メインユーザー\documents\dicebuttle\27gp3skelton\debug\dx_graphics3d.obj
c:\users\メインユーザー\documents\dicebuttle\27gp3skelton\debug\dx_mesh.obj
c:\users\メインユーザー\documents\dicebuttle\27gp3skelton\debug\dx_piece_texture.obj
c:\users\メインユーザー\documents\dicebuttle\27gp3skelton\debug\dx_texture.obj
c:\users\メインユーザー\documents\dicebuttle\27gp3skelton\debug\media_manager.obj
c:\users\メインユーザー\documents\dicebuttle\27gp3skelton\debug\mesh_manager.obj
c:\users\メインユーザー\documents\dicebuttle\27gp3skelton\debug\texture_manager.obj
c:\users\メインユーザー\documents\dicebuttle\27gp3skelton\debug\gplib.obj
c:\users\メインユーザー\documents\dicebuttle\27gp3skelton\debug\board.obj
c:\users\メインユーザー\documents\dicebuttle\27gp3skelton\debug\collider.obj
c:\users\メインユーザー\documents\dicebuttle\27gp3skelton\debug\dice.obj
c:\users\メインユーザー\documents\dicebuttle\27gp3skelton\debug\dicemanager.obj
c:\users\メインユーザー\documents\dicebuttle\27gp3skelton\debug\main.obj
c:\users\メインユーザー\documents\dicebuttle\27gp3skelton\debug\player.obj
c:\users\メインユーザー\documents\dicebuttle\27gp3skelton\debug\stage.obj
c:\users\メインユーザー\documents\dicebuttle\27gp3skelton\debug\title.obj
c:\users\メインユーザー\documents\dicebuttle\27gp3skelton\debug\charbase.obj
c:\users\メインユーザー\documents\dicebuttle\27gp3skelton\debug\dx3dmeshmanager.obj
c:\users\メインユーザー\documents\dicebuttle\27gp3skelton\debug\dx_anime_cont_auxiliary.obj
c:\users\メインユーザー\documents\dicebuttle\debug\27gp3skelton.ilk
c:\users\メインユーザー\documents\dicebuttle\debug\27gp3skelton.exe
c:\users\メインユーザー\documents\dicebuttle\debug\27gp3skelton.pdb
c:\users\メインユーザー\documents\dicebuttle\27gp3skelton\debug\res.res
c:\users\メインユーザー\documents\dicebuttle\27gp3skelton\debug\27gp3skelton.tlog\cl.command.1.tlog
c:\users\メインユーザー\documents\dicebuttle\27gp3skelton\debug\27gp3skelton.tlog\cl.read.1.tlog
c:\users\メインユーザー\documents\dicebuttle\27gp3skelton\debug\27gp3skelton.tlog\cl.write.1.tlog
c:\users\メインユーザー\documents\dicebuttle\27gp3skelton\debug\27gp3skelton.tlog\link.command.1.tlog
c:\users\メインユーザー\documents\dicebuttle\27gp3skelton\debug\27gp3skelton.tlog\link.read.1.tlog
c:\users\メインユーザー\documents\dicebuttle\27gp3skelton\debug\27gp3skelton.tlog\link.write.1.tlog
c:\users\メインユーザー\documents\dicebuttle\27gp3skelton\debug\27gp3skelton.tlog\rc.command.1.tlog
c:\users\メインユーザー\documents\dicebuttle\27gp3skelton\debug\27gp3skelton.tlog\rc.read.1.tlog
c:\users\メインユーザー\documents\dicebuttle\27gp3skelton\debug\27gp3skelton.tlog\rc.write.1.tlog
