2015/04/10 14:42:23 にビルドを開始しました。
ノード 2 上のプロジェクト "C:\Users\Yoichiro Maruyama\Documents\DiceButtle\27Gp3Skelton\27Gp3Skelton.vcxproj" (Build ターゲット)。
ClCompile:
  C:\Program Files (x86)\Microsoft Visual Studio 12.0\VC\bin\CL.exe /c /ZI /nologo /W3 /WX- /sdl /Od /Oy- /D WIN32 /D _DEBUG /D _WINDOWS /D _MBCS /Gm /EHsc /RTC1 /MDd /GS /fp:precise /Zc:wchar_t /Zc:forScope /Fo"Debug\\" /Fd"Debug\vc120.pdb" /Gd /TP /analyze- /errorReport:prompt src\dice.cpp src\movableObject.cpp
  movableObject.cpp
  dice.cpp
  コードを生成中...
ResourceCompile:
  C:\Program Files (x86)\Windows Kits\8.1\bin\x86\rc.exe /l"0x0409" /nologo /fo"Debug\res.res" src\res.rc 
Link:
  C:\Program Files (x86)\Microsoft Visual Studio 12.0\VC\bin\link.exe /ERRORREPORT:PROMPT /OUT:"C:\Users\Yoichiro Maruyama\Documents\DiceButtle\Debug\27Gp3Skelton.exe" /INCREMENTAL /NOLOGO kernel32.lib user32.lib gdi32.lib winspool.lib comdlg32.lib advapi32.lib shell32.lib ole32.lib oleaut32.lib uuid.lib odbc32.lib odbccp32.lib /MANIFEST /MANIFESTUAC:"level='asInvoker' uiAccess='false'" /manifest:embed /DEBUG /PDB:"C:\Users\Yoichiro Maruyama\Documents\DiceButtle\Debug\27Gp3Skelton.pdb" /SUBSYSTEM:WINDOWS /TLBID:1 /DYNAMICBASE /NXCOMPAT /IMPLIB:"C:\Users\Yoichiro Maruyama\Documents\DiceButtle\Debug\27Gp3Skelton.lib" /MACHINE:X86 Debug\res.res
  Debug\CharBase.obj
  Debug\dx3dmeshmanager.obj
  Debug\dx_anime_cont_auxiliary.obj
  Debug\dx_anime_mesh.obj
  Debug\dx_base_mesh.obj
  Debug\dx_camera.obj
  Debug\dx_font.obj
  Debug\dx_graphics3d.obj
  Debug\dx_mesh.obj
  Debug\dx_piece_texture.obj
  Debug\dx_texture.obj
  Debug\media_manager.obj
  Debug\mesh_manager.obj
  Debug\texture_manager.obj
  Debug\gplib.obj
  Debug\board.obj
  Debug\collider.obj
  Debug\dice.obj
  Debug\dicemanager.obj
  Debug\main.obj
  Debug\movableObject.obj
  Debug\player.obj
  Debug\stage.obj
  Debug\title.obj
  27Gp3Skelton.vcxproj -> C:\Users\Yoichiro Maruyama\Documents\DiceButtle\Debug\27Gp3Skelton.exe
プロジェクト "C:\Users\Yoichiro Maruyama\Documents\DiceButtle\27Gp3Skelton\27Gp3Skelton.vcxproj" (Build ターゲット) のビルドが完了しました。

ビルドに成功しました。

経過時間 00:00:04.15
